[root@ip-172-31-9-87 ~]# vi Dockerfile
[root@ip-172-31-9-87 ~]# docker images
REPOSITORY   TAG       IMAGE ID       CREATED         SIZE
cmd_build1   latest    e723041e595b   6 minutes ago   126MB
cmd_build    latest    0e1d4dfa8ad7   2 weeks ago     78.1MB
[root@ip-172-31-9-87 ~]#
[root@ip-172-31-9-87 ~]#
[root@ip-172-31-9-87 ~]# docker build -t entrypoint_demo .
[+] Building 1.3s (6/6) FINISHED                                                                                                                                         docker:default
 => [internal] load build definition from Dockerfile                                                                                                                               0.0s
 => => transferring dockerfile: 179B                                                                                                                                               0.0s
 => [internal] load metadata for docker.io/library/ubuntu:latest                                                                                                                   1.2s
 => [internal] load .dockerignore                                                                                                                                                  0.0s
 => => transferring context: 2B                                                                                                                                                    0.0s
 => [1/2] FROM docker.io/library/ubuntu:latest@sha256:1e622c5f073b4f6bfad6632f2616c7f59ef256e96fe78bf6a595d1dc4376ac02                                                             0.0s
 => CACHED [2/2] RUN apt-get update                                                                                                                                                0.0s
 => exporting to image                                                                                                                                                             0.0s
 => => exporting layers                                                                                                                                                            0.0s
 => => writing image sha256:7df61781b50c297dc8073441271aea85cfa0c9775c2bc6a683089fa9fd6d425a                                                                                       0.0s
 => => naming to docker.io/library/entrypoint_demo                                                                                                                                 0.0s
[root@ip-172-31-9-87 ~]# docker images
REPOSITORY        TAG       IMAGE ID       CREATED         SIZE
cmd_build1        latest    e723041e595b   7 minutes ago   126MB
entrypoint_demo   latest    7df61781b50c   7 minutes ago   126MB
cmd_build         latest    0e1d4dfa8ad7   2 weeks ago     78.1MB
[root@ip-172-31-9-87 ~]#
[root@ip-172-31-9-87 ~]#
[root@ip-172-31-9-87 ~]# docker run entrypoint_demo

WARNING: apt does not have a stable CLI interface. Use with caution in scripts.

Reading package lists...
Building dependency tree...
Reading state information...
The following additional packages will be installed:
  adduser ca-certificates git-man krb5-locales less libbrotli1 libbsd0
  libcbor0.10 libcurl3t64-gnutls libedit2 liberror-perl libexpat1 libfido2-1
  libgdbm-compat4t64 libgdbm6t64 libgssapi-krb5-2 libk5crypto3 libkeyutils1
  libkrb5-3 libkrb5support0 libldap-common libldap2 libnghttp2-14
  libperl5.38t64 libpsl5t64 librtmp1 libsasl2-2 libsasl2-modules
  libsasl2-modules-db libssh-4 libx11-6 libx11-data libxau6 libxcb1 libxdmcp6
  libxext6 libxmuu1 netbase openssh-client openssl patch perl perl-base
  perl-modules-5.38 publicsuffix xauth
Suggested packages:
  liblocale-gettext-perl cron quota ecryptfs-utils gettext-base git-daemon-run
  | git-daemon-sysvinit git-doc git-email git-gui gitk gitweb git-cvs
  git-mediawiki git-svn gdbm-l10n krb5-doc krb5-user
  libsasl2-modules-gssapi-mit | libsasl2-modules-gssapi-heimdal
  libsasl2-modules-ldap libsasl2-modules-otp libsasl2-modules-sql keychain
  libpam-ssh monkeysphere ssh-askpass ed diffutils-doc perl-doc
  libterm-readline-gnu-perl | libterm-readline-perl-perl make
  libtap-harness-archive-perl
The following NEW packages will be installed:
  adduser ca-certificates git git-man krb5-locales less libbrotli1 libbsd0
  libcbor0.10 libcurl3t64-gnutls libedit2 liberror-perl libexpat1 libfido2-1
  libgdbm-compat4t64 libgdbm6t64 libgssapi-krb5-2 libk5crypto3 libkeyutils1
  libkrb5-3 libkrb5support0 libldap-common libldap2 libnghttp2-14
  libperl5.38t64 libpsl5t64 librtmp1 libsasl2-2 libsasl2-modules
  libsasl2-modules-db libssh-4 libx11-6 libx11-data libxau6 libxcb1 libxdmcp6
  libxext6 libxmuu1 netbase openssh-client openssl patch perl
  perl-modules-5.38 publicsuffix xauth
The following packages will be upgraded:
  perl-base
1 upgraded, 46 newly installed, 0 to remove and 0 not upgraded.
Need to get 20.7 MB of archives.
After this operation, 92.7 MB of additional disk space will be used.
Get:1 http://archive.ubuntu.com/ubuntu noble-updates/main amd64 perl-base amd64 5.38.2-3.2ubuntu0.1 [1827 kB]
Get:2 http://archive.ubuntu.com/ubuntu noble-updates/main amd64 perl-modules-5.38 all 5.38.2-3.2ubuntu0.1 [3110 kB]
Get:3 http://archive.ubuntu.com/ubuntu noble/main amd64 libgdbm6t64 amd64 1.23-5.1build1 [34.4 kB]
Get:4 http://archive.ubuntu.com/ubuntu noble/main amd64 libgdbm-compat4t64 amd64 1.23-5.1build1 [6710 B]
Get:5 http://archive.ubuntu.com/ubuntu noble-updates/main amd64 libperl5.38t64 amd64 5.38.2-3.2ubuntu0.1 [4871 kB]
Get:6 http://archive.ubuntu.com/ubuntu noble-updates/main amd64 perl amd64 5.38.2-3.2ubuntu0.1 [231 kB]
Get:7 http://archive.ubuntu.com/ubuntu noble/main amd64 adduser all 3.137ubuntu1 [101 kB]
Get:8 http://archive.ubuntu.com/ubuntu noble-updates/main amd64 openssl amd64 3.0.13-0ubuntu3.5 [1002 kB]
Get:9 http://archive.ubuntu.com/ubuntu noble/main amd64 ca-certificates all 20240203 [159 kB]
Get:10 http://archive.ubuntu.com/ubuntu noble-updates/main amd64 krb5-locales all 1.20.1-6ubuntu2.5 [14.5 kB]
Get:11 http://archive.ubuntu.com/ubuntu noble-updates/main amd64 less amd64 590-2ubuntu2.1 [142 kB]
Get:12 http://archive.ubuntu.com/ubuntu noble-updates/main amd64 libbsd0 amd64 0.12.1-1build1.1 [41.2 kB]
Get:13 http://archive.ubuntu.com/ubuntu noble-updates/main amd64 libexpat1 amd64 2.6.1-2ubuntu0.3 [88.0 kB]
Get:14 http://archive.ubuntu.com/ubuntu noble-updates/main amd64 libkrb5support0 amd64 1.20.1-6ubuntu2.5 [34.1 kB]
Get:15 http://archive.ubuntu.com/ubuntu noble-updates/main amd64 libk5crypto3 amd64 1.20.1-6ubuntu2.5 [82.0 kB]
Get:16 http://archive.ubuntu.com/ubuntu noble/main amd64 libkeyutils1 amd64 1.6.3-3build1 [9490 B]
Get:17 http://archive.ubuntu.com/ubuntu noble-updates/main amd64 libkrb5-3 amd64 1.20.1-6ubuntu2.5 [347 kB]
Get:18 http://archive.ubuntu.com/ubuntu noble-updates/main amd64 libgssapi-krb5-2 amd64 1.20.1-6ubuntu2.5 [143 kB]
Get:19 http://archive.ubuntu.com/ubuntu noble/main amd64 netbase all 6.4 [13.1 kB]
Get:20 http://archive.ubuntu.com/ubuntu noble/main amd64 libcbor0.10 amd64 0.10.2-1.2ubuntu2 [25.8 kB]
Get:21 http://archive.ubuntu.com/ubuntu noble/main amd64 libedit2 amd64 3.1-20230828-1build1 [97.6 kB]
Get:22 http://archive.ubuntu.com/ubuntu noble/main amd64 libfido2-1 amd64 1.14.0-1build3 [83.5 kB]
Get:23 http://archive.ubuntu.com/ubuntu noble-updates/main amd64 libnghttp2-14 amd64 1.59.0-1ubuntu0.2 [74.3 kB]
Get:24 http://archive.ubuntu.com/ubuntu noble/main amd64 libpsl5t64 amd64 0.21.2-1.1build1 [57.1 kB]
Get:25 http://archive.ubuntu.com/ubuntu noble/main amd64 libxau6 amd64 1:1.0.9-1build6 [7160 B]
Get:26 http://archive.ubuntu.com/ubuntu noble/main amd64 libxdmcp6 amd64 1:1.1.3-0ubuntu6 [10.3 kB]
Get:27 http://archive.ubuntu.com/ubuntu noble/main amd64 libxcb1 amd64 1.15-1ubuntu2 [47.7 kB]
Get:28 http://archive.ubuntu.com/ubuntu noble/main amd64 libx11-data all 2:1.8.7-1build1 [115 kB]
Get:29 http://archive.ubuntu.com/ubuntu noble/main amd64 libx11-6 amd64 2:1.8.7-1build1 [650 kB]
Get:30 http://archive.ubuntu.com/ubuntu noble/main amd64 libxext6 amd64 2:1.3.4-1build2 [30.4 kB]
Get:31 http://archive.ubuntu.com/ubuntu noble/main amd64 libxmuu1 amd64 2:1.1.3-3build2 [8958 B]
Get:32 http://archive.ubuntu.com/ubuntu noble-updates/main amd64 openssh-client amd64 1:9.6p1-3ubuntu13.11 [905 kB]
Get:33 http://archive.ubuntu.com/ubuntu noble/main amd64 publicsuffix all 20231001.0357-0.1 [129 kB]
Get:34 http://archive.ubuntu.com/ubuntu noble/main amd64 xauth amd64 1:1.1.2-1build1 [25.6 kB]
Get:35 http://archive.ubuntu.com/ubuntu noble/main amd64 libbrotli1 amd64 1.1.0-2build2 [331 kB]
Get:36 http://archive.ubuntu.com/ubuntu noble-updates/main amd64 libsasl2-modules-db amd64 2.1.28+dfsg1-5ubuntu3.1 [20.4 kB]
Get:37 http://archive.ubuntu.com/ubuntu noble-updates/main amd64 libsasl2-2 amd64 2.1.28+dfsg1-5ubuntu3.1 [53.2 kB]
Get:38 http://archive.ubuntu.com/ubuntu noble-updates/main amd64 libldap2 amd64 2.6.7+dfsg-1~exp1ubuntu8.2 [196 kB]
Get:39 http://archive.ubuntu.com/ubuntu noble/main amd64 librtmp1 amd64 2.4+20151223.gitfa8646d.1-2build7 [56.3 kB]
Get:40 http://archive.ubuntu.com/ubuntu noble/main amd64 libssh-4 amd64 0.10.6-2build2 [188 kB]
Get:41 http://archive.ubuntu.com/ubuntu noble-updates/main amd64 libcurl3t64-gnutls amd64 8.5.0-2ubuntu10.6 [333 kB]
Get:42 http://archive.ubuntu.com/ubuntu noble/main amd64 liberror-perl all 0.17029-2 [25.6 kB]
Get:43 http://archive.ubuntu.com/ubuntu noble-updates/main amd64 git-man all 1:2.43.0-1ubuntu7.2 [1100 kB]
Get:44 http://archive.ubuntu.com/ubuntu noble-updates/main amd64 git amd64 1:2.43.0-1ubuntu7.2 [3679 kB]
Get:45 http://archive.ubuntu.com/ubuntu noble-updates/main amd64 libldap-common all 2.6.7+dfsg-1~exp1ubuntu8.2 [31.7 kB]
Get:46 http://archive.ubuntu.com/ubuntu noble-updates/main amd64 libsasl2-modules amd64 2.1.28+dfsg1-5ubuntu3.1 [69.9 kB]
Get:47 http://archive.ubuntu.com/ubuntu noble/main amd64 patch amd64 2.7.6-7build3 [104 kB]
debconf: delaying package configuration, since apt-utils is not installed
Fetched 20.7 MB in 3s (6392 kB/s)
(Reading database ... 4381 files and directories currently installed.)
Preparing to unpack .../perl-base_5.38.2-3.2ubuntu0.1_amd64.deb ...
Unpacking perl-base (5.38.2-3.2ubuntu0.1) over (5.38.2-3.2build2.1) ...
Setting up perl-base (5.38.2-3.2ubuntu0.1) ...
Selecting previously unselected package perl-modules-5.38.
(Reading database ... 4381 files and directories currently installed.)
Preparing to unpack .../0-perl-modules-5.38_5.38.2-3.2ubuntu0.1_all.deb ...
Unpacking perl-modules-5.38 (5.38.2-3.2ubuntu0.1) ...
Selecting previously unselected package libgdbm6t64:amd64.
Preparing to unpack .../1-libgdbm6t64_1.23-5.1build1_amd64.deb ...
Unpacking libgdbm6t64:amd64 (1.23-5.1build1) ...
Selecting previously unselected package libgdbm-compat4t64:amd64.
Preparing to unpack .../2-libgdbm-compat4t64_1.23-5.1build1_amd64.deb ...
Unpacking libgdbm-compat4t64:amd64 (1.23-5.1build1) ...
Selecting previously unselected package libperl5.38t64:amd64.
Preparing to unpack .../3-libperl5.38t64_5.38.2-3.2ubuntu0.1_amd64.deb ...
Unpacking libperl5.38t64:amd64 (5.38.2-3.2ubuntu0.1) ...
Selecting previously unselected package perl.
Preparing to unpack .../4-perl_5.38.2-3.2ubuntu0.1_amd64.deb ...
Unpacking perl (5.38.2-3.2ubuntu0.1) ...
Selecting previously unselected package adduser.
Preparing to unpack .../5-adduser_3.137ubuntu1_all.deb ...
Unpacking adduser (3.137ubuntu1) ...
Setting up adduser (3.137ubuntu1) ...
Selecting previously unselected package openssl.
(Reading database ... 6441 files and directories currently installed.)
Preparing to unpack .../00-openssl_3.0.13-0ubuntu3.5_amd64.deb ...
Unpacking openssl (3.0.13-0ubuntu3.5) ...
Selecting previously unselected package ca-certificates.
Preparing to unpack .../01-ca-certificates_20240203_all.deb ...
Unpacking ca-certificates (20240203) ...
Selecting previously unselected package krb5-locales.
Preparing to unpack .../02-krb5-locales_1.20.1-6ubuntu2.5_all.deb ...
Unpacking krb5-locales (1.20.1-6ubuntu2.5) ...
Selecting previously unselected package less.
Preparing to unpack .../03-less_590-2ubuntu2.1_amd64.deb ...
Unpacking less (590-2ubuntu2.1) ...
Selecting previously unselected package libbsd0:amd64.
Preparing to unpack .../04-libbsd0_0.12.1-1build1.1_amd64.deb ...
Unpacking libbsd0:amd64 (0.12.1-1build1.1) ...
Selecting previously unselected package libexpat1:amd64.
Preparing to unpack .../05-libexpat1_2.6.1-2ubuntu0.3_amd64.deb ...
Unpacking libexpat1:amd64 (2.6.1-2ubuntu0.3) ...
Selecting previously unselected package libkrb5support0:amd64.
Preparing to unpack .../06-libkrb5support0_1.20.1-6ubuntu2.5_amd64.deb ...
Unpacking libkrb5support0:amd64 (1.20.1-6ubuntu2.5) ...
Selecting previously unselected package libk5crypto3:amd64.
Preparing to unpack .../07-libk5crypto3_1.20.1-6ubuntu2.5_amd64.deb ...
Unpacking libk5crypto3:amd64 (1.20.1-6ubuntu2.5) ...
Selecting previously unselected package libkeyutils1:amd64.
Preparing to unpack .../08-libkeyutils1_1.6.3-3build1_amd64.deb ...
Unpacking libkeyutils1:amd64 (1.6.3-3build1) ...
Selecting previously unselected package libkrb5-3:amd64.
Preparing to unpack .../09-libkrb5-3_1.20.1-6ubuntu2.5_amd64.deb ...
Unpacking libkrb5-3:amd64 (1.20.1-6ubuntu2.5) ...
Selecting previously unselected package libgssapi-krb5-2:amd64.
Preparing to unpack .../10-libgssapi-krb5-2_1.20.1-6ubuntu2.5_amd64.deb ...
Unpacking libgssapi-krb5-2:amd64 (1.20.1-6ubuntu2.5) ...
Selecting previously unselected package netbase.
Preparing to unpack .../11-netbase_6.4_all.deb ...
Unpacking netbase (6.4) ...
Selecting previously unselected package libcbor0.10:amd64.
Preparing to unpack .../12-libcbor0.10_0.10.2-1.2ubuntu2_amd64.deb ...
Unpacking libcbor0.10:amd64 (0.10.2-1.2ubuntu2) ...
Selecting previously unselected package libedit2:amd64.
Preparing to unpack .../13-libedit2_3.1-20230828-1build1_amd64.deb ...
Unpacking libedit2:amd64 (3.1-20230828-1build1) ...
Selecting previously unselected package libfido2-1:amd64.
Preparing to unpack .../14-libfido2-1_1.14.0-1build3_amd64.deb ...
Unpacking libfido2-1:amd64 (1.14.0-1build3) ...
Selecting previously unselected package libnghttp2-14:amd64.
Preparing to unpack .../15-libnghttp2-14_1.59.0-1ubuntu0.2_amd64.deb ...
Unpacking libnghttp2-14:amd64 (1.59.0-1ubuntu0.2) ...
Selecting previously unselected package libpsl5t64:amd64.
Preparing to unpack .../16-libpsl5t64_0.21.2-1.1build1_amd64.deb ...
Unpacking libpsl5t64:amd64 (0.21.2-1.1build1) ...
Selecting previously unselected package libxau6:amd64.
Preparing to unpack .../17-libxau6_1%3a1.0.9-1build6_amd64.deb ...
Unpacking libxau6:amd64 (1:1.0.9-1build6) ...
Selecting previously unselected package libxdmcp6:amd64.
Preparing to unpack .../18-libxdmcp6_1%3a1.1.3-0ubuntu6_amd64.deb ...
Unpacking libxdmcp6:amd64 (1:1.1.3-0ubuntu6) ...
Selecting previously unselected package libxcb1:amd64.
Preparing to unpack .../19-libxcb1_1.15-1ubuntu2_amd64.deb ...
Unpacking libxcb1:amd64 (1.15-1ubuntu2) ...
Selecting previously unselected package libx11-data.
Preparing to unpack .../20-libx11-data_2%3a1.8.7-1build1_all.deb ...
Unpacking libx11-data (2:1.8.7-1build1) ...
Selecting previously unselected package libx11-6:amd64.
Preparing to unpack .../21-libx11-6_2%3a1.8.7-1build1_amd64.deb ...
Unpacking libx11-6:amd64 (2:1.8.7-1build1) ...
Selecting previously unselected package libxext6:amd64.
Preparing to unpack .../22-libxext6_2%3a1.3.4-1build2_amd64.deb ...
Unpacking libxext6:amd64 (2:1.3.4-1build2) ...
Selecting previously unselected package libxmuu1:amd64.
Preparing to unpack .../23-libxmuu1_2%3a1.1.3-3build2_amd64.deb ...
Unpacking libxmuu1:amd64 (2:1.1.3-3build2) ...
Selecting previously unselected package openssh-client.
Preparing to unpack .../24-openssh-client_1%3a9.6p1-3ubuntu13.11_amd64.deb ...
Unpacking openssh-client (1:9.6p1-3ubuntu13.11) ...
Selecting previously unselected package publicsuffix.
Preparing to unpack .../25-publicsuffix_20231001.0357-0.1_all.deb ...
Unpacking publicsuffix (20231001.0357-0.1) ...
Selecting previously unselected package xauth.
Preparing to unpack .../26-xauth_1%3a1.1.2-1build1_amd64.deb ...
Unpacking xauth (1:1.1.2-1build1) ...
Selecting previously unselected package libbrotli1:amd64.
Preparing to unpack .../27-libbrotli1_1.1.0-2build2_amd64.deb ...
Unpacking libbrotli1:amd64 (1.1.0-2build2) ...
Selecting previously unselected package libsasl2-modules-db:amd64.
Preparing to unpack .../28-libsasl2-modules-db_2.1.28+dfsg1-5ubuntu3.1_amd64.deb ...
Unpacking libsasl2-modules-db:amd64 (2.1.28+dfsg1-5ubuntu3.1) ...
Selecting previously unselected package libsasl2-2:amd64.
Preparing to unpack .../29-libsasl2-2_2.1.28+dfsg1-5ubuntu3.1_amd64.deb ...
Unpacking libsasl2-2:amd64 (2.1.28+dfsg1-5ubuntu3.1) ...
Selecting previously unselected package libldap2:amd64.
Preparing to unpack .../30-libldap2_2.6.7+dfsg-1~exp1ubuntu8.2_amd64.deb ...
Unpacking libldap2:amd64 (2.6.7+dfsg-1~exp1ubuntu8.2) ...
Selecting previously unselected package librtmp1:amd64.
Preparing to unpack .../31-librtmp1_2.4+20151223.gitfa8646d.1-2build7_amd64.deb ...
Unpacking librtmp1:amd64 (2.4+20151223.gitfa8646d.1-2build7) ...
Selecting previously unselected package libssh-4:amd64.
Preparing to unpack .../32-libssh-4_0.10.6-2build2_amd64.deb ...
Unpacking libssh-4:amd64 (0.10.6-2build2) ...
Selecting previously unselected package libcurl3t64-gnutls:amd64.
Preparing to unpack .../33-libcurl3t64-gnutls_8.5.0-2ubuntu10.6_amd64.deb ...
Unpacking libcurl3t64-gnutls:amd64 (8.5.0-2ubuntu10.6) ...
Selecting previously unselected package liberror-perl.
Preparing to unpack .../34-liberror-perl_0.17029-2_all.deb ...
Unpacking liberror-perl (0.17029-2) ...
Selecting previously unselected package git-man.
Preparing to unpack .../35-git-man_1%3a2.43.0-1ubuntu7.2_all.deb ...
Unpacking git-man (1:2.43.0-1ubuntu7.2) ...
Selecting previously unselected package git.
Preparing to unpack .../36-git_1%3a2.43.0-1ubuntu7.2_amd64.deb ...
Unpacking git (1:2.43.0-1ubuntu7.2) ...
Selecting previously unselected package libldap-common.
Preparing to unpack .../37-libldap-common_2.6.7+dfsg-1~exp1ubuntu8.2_all.deb ...
Unpacking libldap-common (2.6.7+dfsg-1~exp1ubuntu8.2) ...
Selecting previously unselected package libsasl2-modules:amd64.
Preparing to unpack .../38-libsasl2-modules_2.1.28+dfsg1-5ubuntu3.1_amd64.deb ...
Unpacking libsasl2-modules:amd64 (2.1.28+dfsg1-5ubuntu3.1) ...
Selecting previously unselected package patch.
Preparing to unpack .../39-patch_2.7.6-7build3_amd64.deb ...
Unpacking patch (2.7.6-7build3) ...
Setting up libexpat1:amd64 (2.6.1-2ubuntu0.3) ...
Setting up libxau6:amd64 (1:1.0.9-1build6) ...
Setting up libkeyutils1:amd64 (1.6.3-3build1) ...
Setting up libgdbm6t64:amd64 (1.23-5.1build1) ...
Setting up libgdbm-compat4t64:amd64 (1.23-5.1build1) ...
Setting up libcbor0.10:amd64 (0.10.2-1.2ubuntu2) ...
Setting up libbrotli1:amd64 (1.1.0-2build2) ...
Setting up libsasl2-modules:amd64 (2.1.28+dfsg1-5ubuntu3.1) ...
Setting up libpsl5t64:amd64 (0.21.2-1.1build1) ...
Setting up libnghttp2-14:amd64 (1.59.0-1ubuntu0.2) ...
Setting up less (590-2ubuntu2.1) ...
Setting up krb5-locales (1.20.1-6ubuntu2.5) ...
Setting up libldap-common (2.6.7+dfsg-1~exp1ubuntu8.2) ...
Setting up libkrb5support0:amd64 (1.20.1-6ubuntu2.5) ...
Setting up libsasl2-modules-db:amd64 (2.1.28+dfsg1-5ubuntu3.1) ...
Setting up libx11-data (2:1.8.7-1build1) ...
Setting up librtmp1:amd64 (2.4+20151223.gitfa8646d.1-2build7) ...
Setting up perl-modules-5.38 (5.38.2-3.2ubuntu0.1) ...
Setting up patch (2.7.6-7build3) ...
Setting up libk5crypto3:amd64 (1.20.1-6ubuntu2.5) ...
Setting up libsasl2-2:amd64 (2.1.28+dfsg1-5ubuntu3.1) ...
Setting up git-man (1:2.43.0-1ubuntu7.2) ...
Setting up netbase (6.4) ...
Setting up libkrb5-3:amd64 (1.20.1-6ubuntu2.5) ...
Setting up libperl5.38t64:amd64 (5.38.2-3.2ubuntu0.1) ...
Setting up libfido2-1:amd64 (1.14.0-1build3) ...
Setting up openssl (3.0.13-0ubuntu3.5) ...
Setting up libbsd0:amd64 (0.12.1-1build1.1) ...
Setting up publicsuffix (20231001.0357-0.1) ...
Setting up libldap2:amd64 (2.6.7+dfsg-1~exp1ubuntu8.2) ...
Setting up libxdmcp6:amd64 (1:1.1.3-0ubuntu6) ...
Setting up libxcb1:amd64 (1.15-1ubuntu2) ...
Setting up libedit2:amd64 (3.1-20230828-1build1) ...
Setting up ca-certificates (20240203) ...
debconf: unable to initialize frontend: Dialog
debconf: (TERM is not set, so the dialog frontend is not usable.)
debconf: falling back to frontend: Readline
debconf: unable to initialize frontend: Readline
debconf: (This frontend requires a controlling tty.)
debconf: falling back to frontend: Teletype
Updating certificates in /etc/ssl/certs...
146 added, 0 removed; done.
Setting up perl (5.38.2-3.2ubuntu0.1) ...
Setting up libgssapi-krb5-2:amd64 (1.20.1-6ubuntu2.5) ...
Setting up libssh-4:amd64 (0.10.6-2build2) ...
Setting up libx11-6:amd64 (2:1.8.7-1build1) ...
Setting up libxmuu1:amd64 (2:1.1.3-3build2) ...
Setting up openssh-client (1:9.6p1-3ubuntu13.11) ...
Setting up libcurl3t64-gnutls:amd64 (8.5.0-2ubuntu10.6) ...
Setting up libxext6:amd64 (2:1.3.4-1build2) ...
Setting up liberror-perl (0.17029-2) ...
Setting up git (1:2.43.0-1ubuntu7.2) ...
Setting up xauth (1:1.1.2-1build1) ...
Processing triggers for libc-bin (2.39-0ubuntu8.4) ...
Processing triggers for ca-certificates (20240203) ...
Updating certificates in /etc/ssl/certs...
0 added, 0 removed; done.
Running hooks in /etc/ca-certificates/update.d...
done.
[root@ip-172-31-9-87 ~]#
[root@ip-172-31-9-87 ~]#
[root@ip-172-31-9-87 ~]#
[root@ip-172-31-9-87 ~]#
[root@ip-172-31-9-87 ~]# docker run entrypoint_demo git

WARNING: apt does not have a stable CLI interface. Use with caution in scripts.

Reading package lists...
Building dependency tree...
Reading state information...
The following additional packages will be installed:
  adduser ca-certificates git-man krb5-locales less libbrotli1 libbsd0
  libcbor0.10 libcurl3t64-gnutls libedit2 liberror-perl libexpat1 libfido2-1
  libgdbm-compat4t64 libgdbm6t64 libgssapi-krb5-2 libk5crypto3 libkeyutils1
  libkrb5-3 libkrb5support0 libldap-common libldap2 libnghttp2-14
  libperl5.38t64 libpsl5t64 librtmp1 libsasl2-2 libsasl2-modules
  libsasl2-modules-db libssh-4 libx11-6 libx11-data libxau6 libxcb1 libxdmcp6
  libxext6 libxmuu1 netbase openssh-client openssl patch perl perl-base
  perl-modules-5.38 publicsuffix xauth
Suggested packages:
  liblocale-gettext-perl cron quota ecryptfs-utils gettext-base git-daemon-run
  | git-daemon-sysvinit git-doc git-email git-gui gitk gitweb git-cvs
  git-mediawiki git-svn gdbm-l10n krb5-doc krb5-user
  libsasl2-modules-gssapi-mit | libsasl2-modules-gssapi-heimdal
  libsasl2-modules-ldap libsasl2-modules-otp libsasl2-modules-sql keychain
  libpam-ssh monkeysphere ssh-askpass ed diffutils-doc perl-doc
  libterm-readline-gnu-perl | libterm-readline-perl-perl make
  libtap-harness-archive-perl
The following NEW packages will be installed:
  adduser ca-certificates git git-man krb5-locales less libbrotli1 libbsd0
  libcbor0.10 libcurl3t64-gnutls libedit2 liberror-perl libexpat1 libfido2-1
  libgdbm-compat4t64 libgdbm6t64 libgssapi-krb5-2 libk5crypto3 libkeyutils1
  libkrb5-3 libkrb5support0 libldap-common libldap2 libnghttp2-14
  libperl5.38t64 libpsl5t64 librtmp1 libsasl2-2 libsasl2-modules
  libsasl2-modules-db libssh-4 libx11-6 libx11-data libxau6 libxcb1 libxdmcp6
  libxext6 libxmuu1 netbase openssh-client openssl patch perl
  perl-modules-5.38 publicsuffix xauth
The following packages will be upgraded:
  perl-base
1 upgraded, 46 newly installed, 0 to remove and 0 not upgraded.
Need to get 20.7 MB of archives.
After this operation, 92.7 MB of additional disk space will be used.
Get:1 http://archive.ubuntu.com/ubuntu noble-updates/main amd64 perl-base amd64 5.38.2-3.2ubuntu0.1 [1827 kB]
Get:2 http://archive.ubuntu.com/ubuntu noble-updates/main amd64 perl-modules-5.38 all 5.38.2-3.2ubuntu0.1 [3110 kB]
Get:3 http://archive.ubuntu.com/ubuntu noble/main amd64 libgdbm6t64 amd64 1.23-5.1build1 [34.4 kB]
Get:4 http://archive.ubuntu.com/ubuntu noble/main amd64 libgdbm-compat4t64 amd64 1.23-5.1build1 [6710 B]
Get:5 http://archive.ubuntu.com/ubuntu noble-updates/main amd64 libperl5.38t64 amd64 5.38.2-3.2ubuntu0.1 [4871 kB]
Get:6 http://archive.ubuntu.com/ubuntu noble-updates/main amd64 perl amd64 5.38.2-3.2ubuntu0.1 [231 kB]
Get:7 http://archive.ubuntu.com/ubuntu noble/main amd64 adduser all 3.137ubuntu1 [101 kB]
Get:8 http://archive.ubuntu.com/ubuntu noble-updates/main amd64 openssl amd64 3.0.13-0ubuntu3.5 [1002 kB]
Get:9 http://archive.ubuntu.com/ubuntu noble/main amd64 ca-certificates all 20240203 [159 kB]
Get:10 http://archive.ubuntu.com/ubuntu noble-updates/main amd64 krb5-locales all 1.20.1-6ubuntu2.5 [14.5 kB]
Get:11 http://archive.ubuntu.com/ubuntu noble-updates/main amd64 less amd64 590-2ubuntu2.1 [142 kB]
Get:12 http://archive.ubuntu.com/ubuntu noble-updates/main amd64 libbsd0 amd64 0.12.1-1build1.1 [41.2 kB]
Get:13 http://archive.ubuntu.com/ubuntu noble-updates/main amd64 libexpat1 amd64 2.6.1-2ubuntu0.3 [88.0 kB]
Get:14 http://archive.ubuntu.com/ubuntu noble-updates/main amd64 libkrb5support0 amd64 1.20.1-6ubuntu2.5 [34.1 kB]
Get:15 http://archive.ubuntu.com/ubuntu noble-updates/main amd64 libk5crypto3 amd64 1.20.1-6ubuntu2.5 [82.0 kB]
Get:16 http://archive.ubuntu.com/ubuntu noble/main amd64 libkeyutils1 amd64 1.6.3-3build1 [9490 B]
Get:17 http://archive.ubuntu.com/ubuntu noble-updates/main amd64 libkrb5-3 amd64 1.20.1-6ubuntu2.5 [347 kB]
Get:18 http://archive.ubuntu.com/ubuntu noble-updates/main amd64 libgssapi-krb5-2 amd64 1.20.1-6ubuntu2.5 [143 kB]
Get:19 http://archive.ubuntu.com/ubuntu noble/main amd64 netbase all 6.4 [13.1 kB]
Get:20 http://archive.ubuntu.com/ubuntu noble/main amd64 libcbor0.10 amd64 0.10.2-1.2ubuntu2 [25.8 kB]
Get:21 http://archive.ubuntu.com/ubuntu noble/main amd64 libedit2 amd64 3.1-20230828-1build1 [97.6 kB]
Get:22 http://archive.ubuntu.com/ubuntu noble/main amd64 libfido2-1 amd64 1.14.0-1build3 [83.5 kB]
Get:23 http://archive.ubuntu.com/ubuntu noble-updates/main amd64 libnghttp2-14 amd64 1.59.0-1ubuntu0.2 [74.3 kB]
Get:24 http://archive.ubuntu.com/ubuntu noble/main amd64 libpsl5t64 amd64 0.21.2-1.1build1 [57.1 kB]
Get:25 http://archive.ubuntu.com/ubuntu noble/main amd64 libxau6 amd64 1:1.0.9-1build6 [7160 B]
Get:26 http://archive.ubuntu.com/ubuntu noble/main amd64 libxdmcp6 amd64 1:1.1.3-0ubuntu6 [10.3 kB]
Get:27 http://archive.ubuntu.com/ubuntu noble/main amd64 libxcb1 amd64 1.15-1ubuntu2 [47.7 kB]
Get:28 http://archive.ubuntu.com/ubuntu noble/main amd64 libx11-data all 2:1.8.7-1build1 [115 kB]
Get:29 http://archive.ubuntu.com/ubuntu noble/main amd64 libx11-6 amd64 2:1.8.7-1build1 [650 kB]
Get:30 http://archive.ubuntu.com/ubuntu noble/main amd64 libxext6 amd64 2:1.3.4-1build2 [30.4 kB]
Get:31 http://archive.ubuntu.com/ubuntu noble/main amd64 libxmuu1 amd64 2:1.1.3-3build2 [8958 B]
Get:32 http://archive.ubuntu.com/ubuntu noble-updates/main amd64 openssh-client amd64 1:9.6p1-3ubuntu13.11 [905 kB]
Get:33 http://archive.ubuntu.com/ubuntu noble/main amd64 publicsuffix all 20231001.0357-0.1 [129 kB]
Get:34 http://archive.ubuntu.com/ubuntu noble/main amd64 xauth amd64 1:1.1.2-1build1 [25.6 kB]
Get:35 http://archive.ubuntu.com/ubuntu noble/main amd64 libbrotli1 amd64 1.1.0-2build2 [331 kB]
Get:36 http://archive.ubuntu.com/ubuntu noble-updates/main amd64 libsasl2-modules-db amd64 2.1.28+dfsg1-5ubuntu3.1 [20.4 kB]
Get:37 http://archive.ubuntu.com/ubuntu noble-updates/main amd64 libsasl2-2 amd64 2.1.28+dfsg1-5ubuntu3.1 [53.2 kB]
Get:38 http://archive.ubuntu.com/ubuntu noble-updates/main amd64 libldap2 amd64 2.6.7+dfsg-1~exp1ubuntu8.2 [196 kB]
Get:39 http://archive.ubuntu.com/ubuntu noble/main amd64 librtmp1 amd64 2.4+20151223.gitfa8646d.1-2build7 [56.3 kB]
Get:40 http://archive.ubuntu.com/ubuntu noble/main amd64 libssh-4 amd64 0.10.6-2build2 [188 kB]
Get:41 http://archive.ubuntu.com/ubuntu noble-updates/main amd64 libcurl3t64-gnutls amd64 8.5.0-2ubuntu10.6 [333 kB]
Get:42 http://archive.ubuntu.com/ubuntu noble/main amd64 liberror-perl all 0.17029-2 [25.6 kB]
Get:43 http://archive.ubuntu.com/ubuntu noble-updates/main amd64 git-man all 1:2.43.0-1ubuntu7.2 [1100 kB]
Get:44 http://archive.ubuntu.com/ubuntu noble-updates/main amd64 git amd64 1:2.43.0-1ubuntu7.2 [3679 kB]
Get:45 http://archive.ubuntu.com/ubuntu noble-updates/main amd64 libldap-common all 2.6.7+dfsg-1~exp1ubuntu8.2 [31.7 kB]
Get:46 http://archive.ubuntu.com/ubuntu noble-updates/main amd64 libsasl2-modules amd64 2.1.28+dfsg1-5ubuntu3.1 [69.9 kB]
Get:47 http://archive.ubuntu.com/ubuntu noble/main amd64 patch amd64 2.7.6-7build3 [104 kB]
debconf: delaying package configuration, since apt-utils is not installed
Fetched 20.7 MB in 3s (6440 kB/s)
(Reading database ... 4381 files and directories currently installed.)
Preparing to unpack .../perl-base_5.38.2-3.2ubuntu0.1_amd64.deb ...
Unpacking perl-base (5.38.2-3.2ubuntu0.1) over (5.38.2-3.2build2.1) ...
Setting up perl-base (5.38.2-3.2ubuntu0.1) ...
Selecting previously unselected package perl-modules-5.38.
(Reading database ... 4381 files and directories currently installed.)
Preparing to unpack .../0-perl-modules-5.38_5.38.2-3.2ubuntu0.1_all.deb ...
Unpacking perl-modules-5.38 (5.38.2-3.2ubuntu0.1) ...
Selecting previously unselected package libgdbm6t64:amd64.
Preparing to unpack .../1-libgdbm6t64_1.23-5.1build1_amd64.deb ...
Unpacking libgdbm6t64:amd64 (1.23-5.1build1) ...
Selecting previously unselected package libgdbm-compat4t64:amd64.
Preparing to unpack .../2-libgdbm-compat4t64_1.23-5.1build1_amd64.deb ...
Unpacking libgdbm-compat4t64:amd64 (1.23-5.1build1) ...
Selecting previously unselected package libperl5.38t64:amd64.
Preparing to unpack .../3-libperl5.38t64_5.38.2-3.2ubuntu0.1_amd64.deb ...
Unpacking libperl5.38t64:amd64 (5.38.2-3.2ubuntu0.1) ...
Selecting previously unselected package perl.
Preparing to unpack .../4-perl_5.38.2-3.2ubuntu0.1_amd64.deb ...
Unpacking perl (5.38.2-3.2ubuntu0.1) ...
Selecting previously unselected package adduser.
Preparing to unpack .../5-adduser_3.137ubuntu1_all.deb ...
Unpacking adduser (3.137ubuntu1) ...
Setting up adduser (3.137ubuntu1) ...
Selecting previously unselected package openssl.
(Reading database ... 6441 files and directories currently installed.)
Preparing to unpack .../00-openssl_3.0.13-0ubuntu3.5_amd64.deb ...
Unpacking openssl (3.0.13-0ubuntu3.5) ...
Selecting previously unselected package ca-certificates.
Preparing to unpack .../01-ca-certificates_20240203_all.deb ...
Unpacking ca-certificates (20240203) ...
Selecting previously unselected package krb5-locales.
Preparing to unpack .../02-krb5-locales_1.20.1-6ubuntu2.5_all.deb ...
Unpacking krb5-locales (1.20.1-6ubuntu2.5) ...
Selecting previously unselected package less.
Preparing to unpack .../03-less_590-2ubuntu2.1_amd64.deb ...
Unpacking less (590-2ubuntu2.1) ...
Selecting previously unselected package libbsd0:amd64.
Preparing to unpack .../04-libbsd0_0.12.1-1build1.1_amd64.deb ...
Unpacking libbsd0:amd64 (0.12.1-1build1.1) ...
Selecting previously unselected package libexpat1:amd64.
Preparing to unpack .../05-libexpat1_2.6.1-2ubuntu0.3_amd64.deb ...
Unpacking libexpat1:amd64 (2.6.1-2ubuntu0.3) ...
Selecting previously unselected package libkrb5support0:amd64.
Preparing to unpack .../06-libkrb5support0_1.20.1-6ubuntu2.5_amd64.deb ...
Unpacking libkrb5support0:amd64 (1.20.1-6ubuntu2.5) ...
Selecting previously unselected package libk5crypto3:amd64.
Preparing to unpack .../07-libk5crypto3_1.20.1-6ubuntu2.5_amd64.deb ...
Unpacking libk5crypto3:amd64 (1.20.1-6ubuntu2.5) ...
Selecting previously unselected package libkeyutils1:amd64.
Preparing to unpack .../08-libkeyutils1_1.6.3-3build1_amd64.deb ...
Unpacking libkeyutils1:amd64 (1.6.3-3build1) ...
Selecting previously unselected package libkrb5-3:amd64.
Preparing to unpack .../09-libkrb5-3_1.20.1-6ubuntu2.5_amd64.deb ...
Unpacking libkrb5-3:amd64 (1.20.1-6ubuntu2.5) ...
Selecting previously unselected package libgssapi-krb5-2:amd64.
Preparing to unpack .../10-libgssapi-krb5-2_1.20.1-6ubuntu2.5_amd64.deb ...
Unpacking libgssapi-krb5-2:amd64 (1.20.1-6ubuntu2.5) ...
Selecting previously unselected package netbase.
Preparing to unpack .../11-netbase_6.4_all.deb ...
Unpacking netbase (6.4) ...
Selecting previously unselected package libcbor0.10:amd64.
Preparing to unpack .../12-libcbor0.10_0.10.2-1.2ubuntu2_amd64.deb ...
Unpacking libcbor0.10:amd64 (0.10.2-1.2ubuntu2) ...
Selecting previously unselected package libedit2:amd64.
Preparing to unpack .../13-libedit2_3.1-20230828-1build1_amd64.deb ...
Unpacking libedit2:amd64 (3.1-20230828-1build1) ...
Selecting previously unselected package libfido2-1:amd64.
Preparing to unpack .../14-libfido2-1_1.14.0-1build3_amd64.deb ...
Unpacking libfido2-1:amd64 (1.14.0-1build3) ...
Selecting previously unselected package libnghttp2-14:amd64.
Preparing to unpack .../15-libnghttp2-14_1.59.0-1ubuntu0.2_amd64.deb ...
Unpacking libnghttp2-14:amd64 (1.59.0-1ubuntu0.2) ...
Selecting previously unselected package libpsl5t64:amd64.
Preparing to unpack .../16-libpsl5t64_0.21.2-1.1build1_amd64.deb ...
Unpacking libpsl5t64:amd64 (0.21.2-1.1build1) ...
Selecting previously unselected package libxau6:amd64.
Preparing to unpack .../17-libxau6_1%3a1.0.9-1build6_amd64.deb ...
Unpacking libxau6:amd64 (1:1.0.9-1build6) ...
Selecting previously unselected package libxdmcp6:amd64.
Preparing to unpack .../18-libxdmcp6_1%3a1.1.3-0ubuntu6_amd64.deb ...
Unpacking libxdmcp6:amd64 (1:1.1.3-0ubuntu6) ...
Selecting previously unselected package libxcb1:amd64.
Preparing to unpack .../19-libxcb1_1.15-1ubuntu2_amd64.deb ...
Unpacking libxcb1:amd64 (1.15-1ubuntu2) ...
Selecting previously unselected package libx11-data.
Preparing to unpack .../20-libx11-data_2%3a1.8.7-1build1_all.deb ...
Unpacking libx11-data (2:1.8.7-1build1) ...
Selecting previously unselected package libx11-6:amd64.
Preparing to unpack .../21-libx11-6_2%3a1.8.7-1build1_amd64.deb ...
Unpacking libx11-6:amd64 (2:1.8.7-1build1) ...
Selecting previously unselected package libxext6:amd64.
Preparing to unpack .../22-libxext6_2%3a1.3.4-1build2_amd64.deb ...
Unpacking libxext6:amd64 (2:1.3.4-1build2) ...
Selecting previously unselected package libxmuu1:amd64.
Preparing to unpack .../23-libxmuu1_2%3a1.1.3-3build2_amd64.deb ...
Unpacking libxmuu1:amd64 (2:1.1.3-3build2) ...
Selecting previously unselected package openssh-client.
Preparing to unpack .../24-openssh-client_1%3a9.6p1-3ubuntu13.11_amd64.deb ...
Unpacking openssh-client (1:9.6p1-3ubuntu13.11) ...
Selecting previously unselected package publicsuffix.
Preparing to unpack .../25-publicsuffix_20231001.0357-0.1_all.deb ...
Unpacking publicsuffix (20231001.0357-0.1) ...
Selecting previously unselected package xauth.
Preparing to unpack .../26-xauth_1%3a1.1.2-1build1_amd64.deb ...
Unpacking xauth (1:1.1.2-1build1) ...
Selecting previously unselected package libbrotli1:amd64.
Preparing to unpack .../27-libbrotli1_1.1.0-2build2_amd64.deb ...
Unpacking libbrotli1:amd64 (1.1.0-2build2) ...
Selecting previously unselected package libsasl2-modules-db:amd64.
Preparing to unpack .../28-libsasl2-modules-db_2.1.28+dfsg1-5ubuntu3.1_amd64.deb ...
Unpacking libsasl2-modules-db:amd64 (2.1.28+dfsg1-5ubuntu3.1) ...
Selecting previously unselected package libsasl2-2:amd64.
Preparing to unpack .../29-libsasl2-2_2.1.28+dfsg1-5ubuntu3.1_amd64.deb ...
Unpacking libsasl2-2:amd64 (2.1.28+dfsg1-5ubuntu3.1) ...
Selecting previously unselected package libldap2:amd64.
Preparing to unpack .../30-libldap2_2.6.7+dfsg-1~exp1ubuntu8.2_amd64.deb ...
Unpacking libldap2:amd64 (2.6.7+dfsg-1~exp1ubuntu8.2) ...
Selecting previously unselected package librtmp1:amd64.
Preparing to unpack .../31-librtmp1_2.4+20151223.gitfa8646d.1-2build7_amd64.deb ...
Unpacking librtmp1:amd64 (2.4+20151223.gitfa8646d.1-2build7) ...
Selecting previously unselected package libssh-4:amd64.
Preparing to unpack .../32-libssh-4_0.10.6-2build2_amd64.deb ...
Unpacking libssh-4:amd64 (0.10.6-2build2) ...
Selecting previously unselected package libcurl3t64-gnutls:amd64.
Preparing to unpack .../33-libcurl3t64-gnutls_8.5.0-2ubuntu10.6_amd64.deb ...
Unpacking libcurl3t64-gnutls:amd64 (8.5.0-2ubuntu10.6) ...
Selecting previously unselected package liberror-perl.
Preparing to unpack .../34-liberror-perl_0.17029-2_all.deb ...
Unpacking liberror-perl (0.17029-2) ...
Selecting previously unselected package git-man.
Preparing to unpack .../35-git-man_1%3a2.43.0-1ubuntu7.2_all.deb ...
Unpacking git-man (1:2.43.0-1ubuntu7.2) ...
Selecting previously unselected package git.
Preparing to unpack .../36-git_1%3a2.43.0-1ubuntu7.2_amd64.deb ...
Unpacking git (1:2.43.0-1ubuntu7.2) ...
Selecting previously unselected package libldap-common.
Preparing to unpack .../37-libldap-common_2.6.7+dfsg-1~exp1ubuntu8.2_all.deb ...
Unpacking libldap-common (2.6.7+dfsg-1~exp1ubuntu8.2) ...
Selecting previously unselected package libsasl2-modules:amd64.
Preparing to unpack .../38-libsasl2-modules_2.1.28+dfsg1-5ubuntu3.1_amd64.deb ...
Unpacking libsasl2-modules:amd64 (2.1.28+dfsg1-5ubuntu3.1) ...
Selecting previously unselected package patch.
Preparing to unpack .../39-patch_2.7.6-7build3_amd64.deb ...
Unpacking patch (2.7.6-7build3) ...
Setting up libexpat1:amd64 (2.6.1-2ubuntu0.3) ...
Setting up libxau6:amd64 (1:1.0.9-1build6) ...
Setting up libkeyutils1:amd64 (1.6.3-3build1) ...
Setting up libgdbm6t64:amd64 (1.23-5.1build1) ...
Setting up libgdbm-compat4t64:amd64 (1.23-5.1build1) ...
Setting up libcbor0.10:amd64 (0.10.2-1.2ubuntu2) ...
Setting up libbrotli1:amd64 (1.1.0-2build2) ...
Setting up libsasl2-modules:amd64 (2.1.28+dfsg1-5ubuntu3.1) ...
Setting up libpsl5t64:amd64 (0.21.2-1.1build1) ...
Setting up libnghttp2-14:amd64 (1.59.0-1ubuntu0.2) ...
Setting up less (590-2ubuntu2.1) ...
Setting up krb5-locales (1.20.1-6ubuntu2.5) ...
Setting up libldap-common (2.6.7+dfsg-1~exp1ubuntu8.2) ...
Setting up libkrb5support0:amd64 (1.20.1-6ubuntu2.5) ...
Setting up libsasl2-modules-db:amd64 (2.1.28+dfsg1-5ubuntu3.1) ...
Setting up libx11-data (2:1.8.7-1build1) ...
Setting up librtmp1:amd64 (2.4+20151223.gitfa8646d.1-2build7) ...
Setting up perl-modules-5.38 (5.38.2-3.2ubuntu0.1) ...
Setting up patch (2.7.6-7build3) ...
Setting up libk5crypto3:amd64 (1.20.1-6ubuntu2.5) ...
Setting up libsasl2-2:amd64 (2.1.28+dfsg1-5ubuntu3.1) ...
Setting up git-man (1:2.43.0-1ubuntu7.2) ...
Setting up netbase (6.4) ...
Setting up libkrb5-3:amd64 (1.20.1-6ubuntu2.5) ...
Setting up libperl5.38t64:amd64 (5.38.2-3.2ubuntu0.1) ...
Setting up libfido2-1:amd64 (1.14.0-1build3) ...
Setting up openssl (3.0.13-0ubuntu3.5) ...
Setting up libbsd0:amd64 (0.12.1-1build1.1) ...
Setting up publicsuffix (20231001.0357-0.1) ...
Setting up libldap2:amd64 (2.6.7+dfsg-1~exp1ubuntu8.2) ...
Setting up libxdmcp6:amd64 (1:1.1.3-0ubuntu6) ...
Setting up libxcb1:amd64 (1.15-1ubuntu2) ...
Setting up libedit2:amd64 (3.1-20230828-1build1) ...
Setting up ca-certificates (20240203) ...
debconf: unable to initialize frontend: Dialog
debconf: (TERM is not set, so the dialog frontend is not usable.)
debconf: falling back to frontend: Readline
debconf: unable to initialize frontend: Readline
debconf: (This frontend requires a controlling tty.)
debconf: falling back to frontend: Teletype
Updating certificates in /etc/ssl/certs...
146 added, 0 removed; done.
Setting up perl (5.38.2-3.2ubuntu0.1) ...
Setting up libgssapi-krb5-2:amd64 (1.20.1-6ubuntu2.5) ...
Setting up libssh-4:amd64 (0.10.6-2build2) ...
Setting up libx11-6:amd64 (2:1.8.7-1build1) ...
Setting up libxmuu1:amd64 (2:1.1.3-3build2) ...
Setting up openssh-client (1:9.6p1-3ubuntu13.11) ...
Setting up libcurl3t64-gnutls:amd64 (8.5.0-2ubuntu10.6) ...
Setting up libxext6:amd64 (2:1.3.4-1build2) ...
Setting up liberror-perl (0.17029-2) ...
Setting up git (1:2.43.0-1ubuntu7.2) ...
Setting up xauth (1:1.1.2-1build1) ...
Processing triggers for libc-bin (2.39-0ubuntu8.4) ...
Processing triggers for ca-certificates (20240203) ...
Updating certificates in /etc/ssl/certs...
0 added, 0 removed; done.
Running hooks in /etc/ca-certificates/update.d...
done.
[root@ip-172-31-9-87 ~]#
